<?xml version="1.0" encoding="UTF-8" ?>
<testsuite failures="0" time="1.73" errors="0" skipped="0" tests="7" name="TestSuite">
  <properties>
    <property name="java.runtime.name" value="Java(TM) SE Runtime Environment"/>
    <property name="sun.boot.library.path" value="c:\Program Files (x86)\Java\jdk1.6.0_30\jre\bin"/>
    <property name="java.vm.version" value="20.5-b03"/>
    <property name="java.vm.vendor" value="Sun Microsystems Inc."/>
    <property name="java.vendor.url" value="http://java.sun.com/"/>
    <property name="path.separator" value=";"/>
    <property name="java.vm.name" value="Java HotSpot(TM) Client VM"/>
    <property name="file.encoding.pkg" value="sun.io"/>
    <property name="user.country" value="PL"/>
    <property name="sun.java.launcher" value="SUN_STANDARD"/>
    <property name="sun.os.patch.level" value="Service Pack 1"/>
    <property name="java.vm.specification.name" value="Java Virtual Machine Specification"/>
    <property name="user.dir" value="c:\Users\USER\workspace-tch\wheres-my-period"/>
    <property name="java.runtime.version" value="1.6.0_30-b12"/>
    <property name="java.awt.graphicsenv" value="sun.awt.Win32GraphicsEnvironment"/>
    <property name="basedir" value="c:\Users\USER\workspace-tch\wheres-my-period"/>
    <property name="java.endorsed.dirs" value="c:\Program Files (x86)\Java\jdk1.6.0_30\jre\lib\endorsed"/>
    <property name="os.arch" value="x86"/>
    <property name="surefire.real.class.path" value="C:\Users\USER\AppData\Local\Temp\surefirebooter3173034822122033328.jar"/>
    <property name="java.io.tmpdir" value="C:\Users\USER\AppData\Local\Temp\"/>
    <property name="line.separator" value="
"/>
    <property name="java.vm.specification.vendor" value="Sun Microsystems Inc."/>
    <property name="user.variant" value=""/>
    <property name="os.name" value="Windows 7"/>
    <property name="sun.jnu.encoding" value="Cp1250"/>
    <property name="java.library.path" value="c:\Program Files (x86)\Java\jdk1.6.0_30\jre\bin;C:\Windows\Sun\Java\bin;C:\Windows\system32;C:\Windows;c:\Users\USER\bin;.;C:\Program Files (x86)\Git\local\bin;C:\Program Files (x86)\Git\mingw\bin;C:\Program Files (x86)\Git\bin;c:\Windows\system32;c:\Windows;c:\Windows\System32\Wbem;c:\Windows\System32\WindowsPowerShell\v1.0\;c:\Program Files\Intel\WiFi\bin\;c:\Program Files\Common Files\Intel\WirelessCommon\;c:\Program Files (x86)\ATI Technologies\ATI.ACE\Core-Static;C:\Program Files (x86)\Git\cmd;c:\tools\apache-maven-2.2.1\bin\;c:\Program Files\Intel\WiFi\bin\;c:\Program Files\Common Files\Intel\WirelessCommon\;c:\Program Files (x86)\OpenVPN\bin;c:\Program Files (x86)\Google\google_appengine\;."/>
    <property name="surefire.test.class.path" value="C:\WMP_test_output;C:\WMP_target;C:\Users\USER\.m2\repository\org\mongodb\mongo-java-driver\2.10.0\mongo-java-driver-2.10.0.jar;C:\Users\USER\.m2\repository\org\testng\testng\6.1.1\testng-6.1.1.jar;C:\Users\USER\.m2\repository\junit\junit\3.8.1\junit-3.8.1.jar;C:\Users\USER\.m2\repository\org\beanshell\bsh\2.0b4\bsh-2.0b4.jar;C:\Users\USER\.m2\repository\com\beust\jcommander\1.12\jcommander-1.12.jar;C:\Users\USER\.m2\repository\org\yaml\snakeyaml\1.6\snakeyaml-1.6.jar;"/>
    <property name="java.specification.name" value="Java Platform API Specification"/>
    <property name="java.class.version" value="50.0"/>
    <property name="sun.management.compiler" value="HotSpot Client Compiler"/>
    <property name="os.version" value="6.1"/>
    <property name="user.home" value="C:\Users\USER"/>
    <property name="user.timezone" value="Europe/Belgrade"/>
    <property name="java.awt.printerjob" value="sun.awt.windows.WPrinterJob"/>
    <property name="java.specification.version" value="1.6"/>
    <property name="file.encoding" value="Cp1250"/>
    <property name="user.name" value="USER"/>
    <property name="java.class.path" value="C:\WMP_test_output;C:\WMP_target;C:\Users\USER\.m2\repository\org\mongodb\mongo-java-driver\2.10.0\mongo-java-driver-2.10.0.jar;C:\Users\USER\.m2\repository\org\testng\testng\6.1.1\testng-6.1.1.jar;C:\Users\USER\.m2\repository\junit\junit\3.8.1\junit-3.8.1.jar;C:\Users\USER\.m2\repository\org\beanshell\bsh\2.0b4\bsh-2.0b4.jar;C:\Users\USER\.m2\repository\com\beust\jcommander\1.12\jcommander-1.12.jar;C:\Users\USER\.m2\repository\org\yaml\snakeyaml\1.6\snakeyaml-1.6.jar;"/>
    <property name="java.vm.specification.version" value="1.0"/>
    <property name="sun.arch.data.model" value="32"/>
    <property name="java.home" value="c:\Program Files (x86)\Java\jdk1.6.0_30\jre"/>
    <property name="sun.java.command" value="C:\Users\USER\AppData\Local\Temp\surefirebooter3173034822122033328.jar C:\Users\USER\AppData\Local\Temp\surefire7367450049350307401tmp C:\Users\USER\AppData\Local\Temp\surefire3980402597875215085tmp"/>
    <property name="java.specification.vendor" value="Sun Microsystems Inc."/>
    <property name="user.language" value="pl"/>
    <property name="awt.toolkit" value="sun.awt.windows.WToolkit"/>
    <property name="java.vm.info" value="mixed mode, sharing"/>
    <property name="java.version" value="1.6.0_30"/>
    <property name="java.ext.dirs" value="c:\Program Files (x86)\Java\jdk1.6.0_30\jre\lib\ext;C:\Windows\Sun\Java\lib\ext"/>
    <property name="sun.boot.class.path" value="c:\Program Files (x86)\Java\jdk1.6.0_30\jre\lib\resources.jar;c:\Program Files (x86)\Java\jdk1.6.0_30\jre\lib\rt.jar;c:\Program Files (x86)\Java\jdk1.6.0_30\jre\lib\sunrsasign.jar;c:\Program Files (x86)\Java\jdk1.6.0_30\jre\lib\jsse.jar;c:\Program Files (x86)\Java\jdk1.6.0_30\jre\lib\jce.jar;c:\Program Files (x86)\Java\jdk1.6.0_30\jre\lib\charsets.jar;c:\Program Files (x86)\Java\jdk1.6.0_30\jre\lib\modules\jdk.boot.jar;c:\Program Files (x86)\Java\jdk1.6.0_30\jre\classes"/>
    <property name="java.vendor" value="Sun Microsystems Inc."/>
    <property name="localRepository" value="C:\Users\USER\.m2\repository"/>
    <property name="file.separator" value="\"/>
    <property name="java.vendor.url.bug" value="http://java.sun.com/cgi-bin/bugreport.cgi"/>
    <property name="sun.cpu.endian" value="little"/>
    <property name="sun.io.unicode.encoding" value="UnicodeLittle"/>
    <property name="sun.desktop" value="windows"/>
    <property name="sun.cpu.isalist" value="pentium_pro+mmx pentium_pro pentium+mmx pentium i486 i386 i86"/>
  </properties>
  <testcase time="0" classname="tch.code.period.data.dao.DAOTest" name="noCollectionDefinedTest"/>
  <testcase time="0" classname="tch.code.period.data.model.PeriodDTOTest" name="f"/>
  <testcase time="0" classname="tch.code.period.data.model.PeriodDTOTest" name="f"/>
  <testcase time="0" classname="tch.code.period.domain.logic.PeriodServiceTest" name="f"/>
  <testcase time="0.01" classname="tch.code.period.domain.model.PeriodTest" name="compareFailureTest"/>
  <testcase time="0.01" classname="tch.code.period.domain.model.PeriodTest" name="compareTest"/>
  <testcase time="0" classname="tch.code.period.domain.model.PeriodTest" name="endCalculateTest"/>
</testsuite>