<?xml version="1.0" encoding="UTF-8"?>
<!-- Generated by org.testng.reporters.JUnitReportReporter -->
<testsuite hostname="compton" name="tch.code.period.domain.model.PeriodTest" tests="3" failures="0" timestamp="3 Dec 2012 20:44:45 GMT" time="0.041" errors="0">
  <testcase name="compareTest" time="0.015" classname="tch.code.period.domain.model.PeriodTest"/>
  <testcase name="compareFailureTest" time="0.025" classname="tch.code.period.domain.model.PeriodTest"/>
  <testcase name="endCalculateTest" time="0.001" classname="tch.code.period.domain.model.PeriodTest"/>
</testsuite> <!-- tch.code.period.domain.model.PeriodTest -->
