<?xml version="1.0" encoding="UTF-8"?>
<!-- Generated by org.testng.reporters.JUnitReportReporter -->
<testsuite hostname="compton" name="tch.code.period.data.dao.test.DAOTest" tests="1" failures="0" timestamp="9 Dec 2012 19:54:12 GMT" time="37.351" errors="0">
  <testcase name="noCollectionDefinedTest" time="37.351" classname="tch.code.period.data.dao.test.DAOTest"/>
</testsuite> <!-- tch.code.period.data.dao.test.DAOTest -->
