<?xml version="1.0" encoding="UTF-8"?>
<!-- Generated by org.testng.reporters.JUnitReportReporter -->
<testsuite hostname="TCH-Komputer" name="tch.code.period.data.model.PeriodDTOTest" tests="2" failures="0" timestamp="18 Dec 2012 19:36:20 GMT" time="0,000" errors="0">
  <testcase name="f" time="0,000" classname="tch.code.period.data.model.PeriodDTOTest"/>
  <testcase name="f" time="0,000" classname="tch.code.period.data.model.PeriodDTOTest"/>
</testsuite>
