<?xml version="1.0" encoding="UTF-8"?>
<!-- Generated by org.testng.reporters.JUnitReportReporter -->
<testsuite hostname="TCH-Komputer" name="tch.code.period.domain.model.PeriodTest" tests="3" failures="0" timestamp="18 Dec 2012 19:36:20 GMT" time="0,020" errors="0">
  <testcase name="endCalculateTest" time="0,000" classname="tch.code.period.domain.model.PeriodTest"/>
  <testcase name="compareTest" time="0,010" classname="tch.code.period.domain.model.PeriodTest"/>
  <testcase name="compareFailureTest" time="0,010" classname="tch.code.period.domain.model.PeriodTest"/>
</testsuite>
