<?xml version="1.0" encoding="UTF-8"?>
<!-- Generated by org.testng.reporters.JUnitReportReporter -->
<testsuite hostname="TCH-Komputer" name="tch.code.period.domain.logic.PeriodServiceTest" tests="1" failures="0" timestamp="18 Dec 2012 19:36:20 GMT" time="0,000" errors="0">
  <testcase name="f" time="0,000" classname="tch.code.period.domain.logic.PeriodServiceTest"/>
</testsuite>
